mode: atomic
github.com/bayuhutajulu/signing-service/main.go:14.13,17.37 2 0
github.com/bayuhutajulu/signing-service/main.go:17.37,19.3 1 0
github.com/bayuhutajulu/signing-service/api/health.go:11.78,12.38 1 0
github.com/bayuhutajulu/signing-service/api/health.go:12.38,17.3 2 0
github.com/bayuhutajulu/signing-service/api/health.go:19.2,24.51 2 0
github.com/bayuhutajulu/signing-service/api/server.go:24.46,29.2 1 0
github.com/bayuhutajulu/signing-service/api/server.go:32.30,40.2 3 0
github.com/bayuhutajulu/signing-service/api/server.go:43.48,46.2 2 0
github.com/bayuhutajulu/signing-service/api/server.go:50.75,58.16 4 0
github.com/bayuhutajulu/signing-service/api/server.go:58.16,60.3 1 0
github.com/bayuhutajulu/signing-service/api/server.go:62.2,62.16 1 0
github.com/bayuhutajulu/signing-service/api/server.go:67.74,75.16 4 0
github.com/bayuhutajulu/signing-service/api/server.go:75.16,77.3 1 0
github.com/bayuhutajulu/signing-service/api/server.go:79.2,79.16 1 0
github.com/bayuhutajulu/signing-service/crypto/ecdsa.go:19.37,21.2 1 0
github.com/bayuhutajulu/signing-service/crypto/ecdsa.go:25.74,27.16 2 0
github.com/bayuhutajulu/signing-service/crypto/ecdsa.go:27.16,29.3 1 0
github.com/bayuhutajulu/signing-service/crypto/ecdsa.go:31.2,32.16 2 0
github.com/bayuhutajulu/signing-service/crypto/ecdsa.go:32.16,34.3 1 0
github.com/bayuhutajulu/signing-service/crypto/ecdsa.go:36.2,46.43 3 0
github.com/bayuhutajulu/signing-service/crypto/ecdsa.go:50.75,53.16 3 0
github.com/bayuhutajulu/signing-service/crypto/ecdsa.go:53.16,55.3 1 0
github.com/bayuhutajulu/signing-service/crypto/ecdsa.go:57.2,60.8 1 0
github.com/bayuhutajulu/signing-service/crypto/generation.go:14.56,17.16 2 0
github.com/bayuhutajulu/signing-service/crypto/generation.go:17.16,19.3 1 0
github.com/bayuhutajulu/signing-service/crypto/generation.go:21.2,24.8 1 0
github.com/bayuhutajulu/signing-service/crypto/generation.go:31.56,34.16 2 0
github.com/bayuhutajulu/signing-service/crypto/generation.go:34.16,36.3 1 0
github.com/bayuhutajulu/signing-service/crypto/generation.go:38.2,41.8 1 0
github.com/bayuhutajulu/signing-service/crypto/rsa.go:19.37,21.2 1 0
github.com/bayuhutajulu/signing-service/crypto/rsa.go:25.76,40.2 5 0
github.com/bayuhutajulu/signing-service/crypto/rsa.go:43.79,46.16 3 0
github.com/bayuhutajulu/signing-service/crypto/rsa.go:46.16,48.3 1 0
github.com/bayuhutajulu/signing-service/crypto/rsa.go:50.2,53.8 1 0
github.com/bayuhutajulu/signing-service/crypto/signer.go:20.58,24.2 1 0
github.com/bayuhutajulu/signing-service/crypto/signer.go:26.65,29.2 2 0
github.com/bayuhutajulu/signing-service/crypto/signer.go:35.64,39.2 1 0
github.com/bayuhutajulu/signing-service/crypto/signer.go:41.67,44.2 2 0
github.com/bayuhutajulu/signing-service/domain/service.go:22.79,26.2 1 20
github.com/bayuhutajulu/signing-service/domain/service.go:28.99,29.56 1 15
github.com/bayuhutajulu/signing-service/domain/service.go:29.56,31.3 1 2
github.com/bayuhutajulu/signing-service/domain/service.go:33.2,36.24 3 13
github.com/bayuhutajulu/signing-service/domain/service.go:37.13,40.17 3 10
github.com/bayuhutajulu/signing-service/domain/service.go:40.17,42.4 1 0
github.com/bayuhutajulu/signing-service/domain/service.go:43.3,45.55 3 10
github.com/bayuhutajulu/signing-service/domain/service.go:46.13,49.17 3 3
github.com/bayuhutajulu/signing-service/domain/service.go:49.17,51.4 1 0
github.com/bayuhutajulu/signing-service/domain/service.go:52.3,54.57 3 3
github.com/bayuhutajulu/signing-service/domain/service.go:57.2,70.16 4 13
github.com/bayuhutajulu/signing-service/domain/service.go:70.16,72.3 1 1
github.com/bayuhutajulu/signing-service/domain/service.go:74.2,74.20 1 12
github.com/bayuhutajulu/signing-service/domain/service.go:77.107,82.16 4 110
github.com/bayuhutajulu/signing-service/domain/service.go:82.16,84.3 1 2
github.com/bayuhutajulu/signing-service/domain/service.go:86.2,91.16 5 108
github.com/bayuhutajulu/signing-service/domain/service.go:91.16,93.3 1 0
github.com/bayuhutajulu/signing-service/domain/service.go:95.2,99.16 4 108
github.com/bayuhutajulu/signing-service/domain/service.go:99.16,101.3 1 1
github.com/bayuhutajulu/signing-service/domain/service.go:103.2,107.18 2 107
github.com/bayuhutajulu/signing-service/domain/service.go:110.81,112.16 2 3
github.com/bayuhutajulu/signing-service/domain/service.go:112.16,114.3 1 2
github.com/bayuhutajulu/signing-service/domain/service.go:115.2,115.20 1 1
github.com/bayuhutajulu/signing-service/domain/service.go:118.78,120.16 2 3
github.com/bayuhutajulu/signing-service/domain/service.go:120.16,122.3 1 1
github.com/bayuhutajulu/signing-service/domain/service.go:123.2,123.21 1 2
github.com/bayuhutajulu/signing-service/persistence/inmemory.go:15.44,19.2 1 18
github.com/bayuhutajulu/signing-service/persistence/inmemory.go:23.70,28.2 4 159
github.com/bayuhutajulu/signing-service/persistence/inmemory.go:30.72,35.2 4 112
github.com/bayuhutajulu/signing-service/persistence/inmemory.go:37.81,41.13 4 137
github.com/bayuhutajulu/signing-service/persistence/inmemory.go:41.13,43.3 1 31
github.com/bayuhutajulu/signing-service/persistence/inmemory.go:44.2,44.20 1 106
github.com/bayuhutajulu/signing-service/persistence/inmemory.go:47.78,51.35 4 88
github.com/bayuhutajulu/signing-service/persistence/inmemory.go:51.35,53.3 1 808
github.com/bayuhutajulu/signing-service/persistence/inmemory.go:54.2,54.21 1 88
